Using pre-set license
Built from '2020.3/staging' branch; Version is '2020.3.26f1 (7298b473bc1a) revision 7510196'; Using compiler version '192528614'; Build Type 'Release'
OS: 'Windows 10  (10.0.19041) 64bit Professional' Language: 'ko' Physical Memory: 32173 MB
BatchMode: 1, IsHumanControllingUs: 0, StartBugReporterOnCrash: 0, Is64bit: 1, IsPro: 0

COMMAND LINE ARGUMENTS:
C:\Program Files\Unity\Hub\Editor\2020.3.26f1\Editor\Unity.exe
-adb2
-batchMode
-noUpm
-name
AssetImportWorker0
-projectPath
C:/Users/Administrator/Desktop/Git/Unity/Part 18 - Texture And Material
-logFile
Logs/AssetImportWorker0.log
-srvPort
5083
Successfully changed project path to: C:/Users/Administrator/Desktop/Git/Unity/Part 18 - Texture And Material
C:/Users/Administrator/Desktop/Git/Unity/Part 18 - Texture And Material
Using Asset Import Pipeline V2.
Refreshing native plugins compatible for Editor in 31.50 ms, found 2 plugins.
Preloading 0 native plugins for Editor in 0.00 ms.
Initialize engine version: 2020.3.26f1 (7298b473bc1a)
[Subsystems] Discovering subsystems at path C:/Program Files/Unity/Hub/Editor/2020.3.26f1/Editor/Data/Resources/UnitySubsystems
[Subsystems] Discovering subsystems at path C:/Users/Administrator/Desktop/Git/Unity/Part 18 - Texture And Material/Assets
GfxDevice: creating device client; threaded=0
Direct3D:
    Version:  Direct3D 11.0 [level 11.1]
    Renderer: NVIDIA GeForce RTX 2060 with Max-Q Design (ID=0x1f12)
    Vendor:   
    VRAM:     5980 MB
    Driver:   30.0.14.9649
Initialize mono
Mono path[0] = 'C:/Program Files/Unity/Hub/Editor/2020.3.26f1/Editor/Data/Managed'
Mono path[1] = 'C:/Program Files/Unity/Hub/Editor/2020.3.26f1/Editor/Data/MonoBleedingEdge/lib/mono/unityjit'
Mono config path = 'C:/Program Files/Unity/Hub/Editor/2020.3.26f1/Editor/Data/MonoBleedingEdge/etc'
Using monoOptions --debugger-agent=transport=dt_socket,embedding=1,server=y,suspend=n,address=127.0.0.1:56260
Begin MonoManager ReloadAssembly
Registering precompiled unity dll's ...
Register platform support module: C:/Program Files/Unity/Hub/Editor/2020.3.26f1/Editor/Data/PlaybackEngines/WindowsStandaloneSupport/UnityEditor.WindowsStandalone.Extensions.dll
Registered in 0.002830 seconds.
Native extension for WindowsStandalone target not found
Refreshing native plugins compatible for Editor in 30.01 ms, found 2 plugins.
Preloading 0 native plugins for Editor in 0.00 ms.
Mono: successfully reloaded assembly
- Completed reload, in  0.541 seconds
Domain Reload Profiling:
	ReloadAssembly (541ms)
		BeginReloadAssembly (65ms)
			ExecutionOrderSort (0ms)
			DisableScriptedObjects (0ms)
			BackupInstance (0ms)
			ReleaseScriptingObjects (0ms)
			CreateAndSetChildDomain (1ms)
		EndReloadAssembly (402ms)
			LoadAssemblies (62ms)
			RebuildTransferFunctionScriptingTraits (0ms)
			SetupTypeCache (131ms)
			ReleaseScriptCaches (0ms)
			RebuildScriptCaches (28ms)
			SetupLoadedEditorAssemblies (145ms)
				LogAssemblyErrors (0ms)
				InitializePlatformSupportModulesInManaged (4ms)
				SetLoadedEditorAssemblies (0ms)
				RefreshPlugins (30ms)
				BeforeProcessingInitializeOnLoad (12ms)
				ProcessInitializeOnLoadAttributes (71ms)
				ProcessInitializeOnLoadMethodAttributes (26ms)
				AfterProcessingInitializeOnLoad (0ms)
				EditorAssembliesLoaded (0ms)
			ExecutionOrderSort2 (0ms)
			AwakeInstancesAfterBackupRestoration (0ms)
Platform modules already initialized, skipping
Registering precompiled user dll's ...
Registered in 0.007124 seconds.
Begin MonoManager ReloadAssembly
Native extension for WindowsStandalone target not found
Refreshing native plugins compatible for Editor in 0.33 ms, found 2 plugins.
Preloading 0 native plugins for Editor in 0.00 ms.
Mono: successfully reloaded assembly
- Completed reload, in  0.919 seconds
Domain Reload Profiling:
	ReloadAssembly (920ms)
		BeginReloadAssembly (142ms)
			ExecutionOrderSort (0ms)
			DisableScriptedObjects (4ms)
			BackupInstance (0ms)
			ReleaseScriptingObjects (0ms)
			CreateAndSetChildDomain (19ms)
		EndReloadAssembly (716ms)
			LoadAssemblies (94ms)
			RebuildTransferFunctionScriptingTraits (0ms)
			SetupTypeCache (240ms)
			ReleaseScriptCaches (0ms)
			RebuildScriptCaches (39ms)
			SetupLoadedEditorAssemblies (278ms)
				LogAssemblyErrors (0ms)
				InitializePlatformSupportModulesInManaged (4ms)
				SetLoadedEditorAssemblies (0ms)
				RefreshPlugins (0ms)
				BeforeProcessingInitializeOnLoad (90ms)
				ProcessInitializeOnLoadAttributes (165ms)
				ProcessInitializeOnLoadMethodAttributes (8ms)
				AfterProcessingInitializeOnLoad (9ms)
				EditorAssembliesLoaded (0ms)
			ExecutionOrderSort2 (0ms)
			AwakeInstancesAfterBackupRestoration (5ms)
Platform modules already initialized, skipping
========================================================================
Worker process is ready to serve import requests
Launched and connected shader compiler UnityShaderCompiler.exe after 0.07 seconds
Refreshing native plugins compatible for Editor in 0.35 ms, found 2 plugins.
Preloading 0 native plugins for Editor in 0.00 ms.
Unloading 1503 Unused Serialized files (Serialized files now loaded: 0)
System memory in use before: 67.5 MB.
System memory in use after: 67.6 MB.

Unloading 19 unused Assets to reduce memory usage. Loaded Objects now: 1935.
Total: 3.650200 ms (FindLiveObjects: 0.144800 ms CreateObjectMapping: 0.033400 ms MarkObjects: 3.400000 ms  DeleteObjects: 0.070900 ms)

AssetImportParameters requested are different than current active one (requested -> active):
  custom:framework-win-MediaFoundation: 216162199b28c13a410421893ffa2e32 -> 
  custom:video-decoder-ogg-theora: a1e56fd34408186e4bbccfd4996cb3dc -> 
  custom:container-muxer-webm: aa71ff27fc2769a1b78a27578f13a17b -> 
  custom:container-demuxer-webm: 4f35f7cbe854078d1ac9338744f61a02 -> 
  custom:container-demuxer-ogg: 62fdf1f143b41e24485cea50d1cbac27 -> 
  custom:video-encoder-webm-vp8: eb34c28f22e8b96e1ab97ce403110664 -> 
  custom:video-decoder-webm-vp8: 9c59270c3fd7afecdb556c50c9e8de78 -> 
  custom:audio-decoder-ogg-vorbis: bf7c407c2cedff20999df2af8eb42d56 -> 
  custom:audio-encoder-webm-vorbis: bf7c407c2cedff20999df2af8eb42d56 -> 
========================================================================
Received Import Request.
  path: Assets
  artifactKey: Guid(00000000000000001000000000000000) Importer(815301076,1909f56bfc062723c751e8b465ee728b)
Start importing Assets using Guid(00000000000000001000000000000000) Importer(815301076,1909f56bfc062723c751e8b465ee728b)  -> (artifact id: '42d402b061de3733987d63b9cc3b64de') in 0.009299 seconds 
  Import took 0.011874 seconds .

========================================================================
Received Import Request.
  Time since last request: 4.755897 seconds.
  path: Assets/Materials
  artifactKey: Guid(d5b57f5037fad494693a670b0c3d83b9) Importer(815301076,1909f56bfc062723c751e8b465ee728b)
Start importing Assets/Materials using Guid(d5b57f5037fad494693a670b0c3d83b9) Importer(815301076,1909f56bfc062723c751e8b465ee728b)  -> (artifact id: 'fe213e7e86d4647bb97037aaa1e9e46f') in 0.008366 seconds 
  Import took 0.010788 seconds .

========================================================================
Received Import Request.
  Time since last request: 4.222935 seconds.
  path: Assets/Animations
  artifactKey: Guid(9aec6a8a5a54c79479deb1abc802e9ba) Importer(815301076,1909f56bfc062723c751e8b465ee728b)
Start importing Assets/Animations using Guid(9aec6a8a5a54c79479deb1abc802e9ba) Importer(815301076,1909f56bfc062723c751e8b465ee728b)  -> (artifact id: 'fb0884c03d8a8d3715d13deb4d500083') in 0.009181 seconds 
  Import took 0.011694 seconds .

========================================================================
Received Import Request.
  Time since last request: 3.814899 seconds.
  path: Assets/Scripts
  artifactKey: Guid(954378d1316d2e447889966f2ed1ee24) Importer(815301076,1909f56bfc062723c751e8b465ee728b)
Start importing Assets/Scripts using Guid(954378d1316d2e447889966f2ed1ee24) Importer(815301076,1909f56bfc062723c751e8b465ee728b)  -> (artifact id: '3b5a0e33b50dfee59f68225d6942c156') in 0.007532 seconds 
  Import took 0.010417 seconds .

========================================================================
Received Import Request.
  Time since last request: 430.264898 seconds.
  path: Assets/Materials/height map.png
  artifactKey: Guid(ac20e16e883192b4180b65bc74c53b15) Importer(815301076,1909f56bfc062723c751e8b465ee728b)
Start importing Assets/Materials/height map.png using Guid(ac20e16e883192b4180b65bc74c53b15) Importer(815301076,1909f56bfc062723c751e8b465ee728b)  -> (artifact id: 'ed9987d88cd26a20ccf4ee9924fd6d96') in 0.077801 seconds 
  Import took 0.080353 seconds .

========================================================================
Received Import Request.
  Time since last request: 0.000269 seconds.
  path: Assets/Materials/Texture Albedo.png
  artifactKey: Guid(e49026a567d836f4fbe27335dae97919) Importer(815301076,1909f56bfc062723c751e8b465ee728b)
Start importing Assets/Materials/Texture Albedo.png using Guid(e49026a567d836f4fbe27335dae97919) Importer(815301076,1909f56bfc062723c751e8b465ee728b)  -> (artifact id: 'e45bee1d43899255c3f65a920826b770') in 0.018478 seconds 
  Import took 0.020921 seconds .

========================================================================
Received Import Request.
  Time since last request: 0.000315 seconds.
  path: Assets/Materials/Secondary Albedo.png
  artifactKey: Guid(73da24829a20fd44b81fd3c5a4fc37fc) Importer(815301076,1909f56bfc062723c751e8b465ee728b)
Start importing Assets/Materials/Secondary Albedo.png using Guid(73da24829a20fd44b81fd3c5a4fc37fc) Importer(815301076,1909f56bfc062723c751e8b465ee728b)  -> (artifact id: 'aeadafdc075c90e1cbdf21b6a1c3937f') in 0.014603 seconds 
  Import took 0.016900 seconds .

========================================================================
Received Import Request.
  Time since last request: 0.000220 seconds.
  path: Assets/Materials/Secondary Normal map.png
  artifactKey: Guid(78e4c6a391b35774c8ab5281544ac6ec) Importer(815301076,1909f56bfc062723c751e8b465ee728b)
Start importing Assets/Materials/Secondary Normal map.png using Guid(78e4c6a391b35774c8ab5281544ac6ec) Importer(815301076,1909f56bfc062723c751e8b465ee728b)  -> (artifact id: '4d6cd65f0f47e0d59201d723573d8555') in 0.018618 seconds 
  Import took 0.020813 seconds .

========================================================================
Received Import Request.
  Time since last request: 0.000298 seconds.
  path: Assets/Materials/Normal Map.png
  artifactKey: Guid(08917508a3f5cd04aab0ee944f98f842) Importer(815301076,1909f56bfc062723c751e8b465ee728b)
Start importing Assets/Materials/Normal Map.png using Guid(08917508a3f5cd04aab0ee944f98f842) Importer(815301076,1909f56bfc062723c751e8b465ee728b)  -> (artifact id: 'b0038bd7cfeba6f3ead386df49b87999') in 0.015000 seconds 
  Import took 0.017372 seconds .

========================================================================
Received Import Request.
  Time since last request: 652.872263 seconds.
  path: Assets/Materials/Normal Map.png
  artifactKey: Guid(08917508a3f5cd04aab0ee944f98f842) Importer(815301076,1909f56bfc062723c751e8b465ee728b)
Start importing Assets/Materials/Normal Map.png using Guid(08917508a3f5cd04aab0ee944f98f842) Importer(815301076,1909f56bfc062723c751e8b465ee728b)  -> (artifact id: '9c1d16d7f636004e96f8f355e78e37b1') in 0.040561 seconds 
  Import took 0.043577 seconds .

AssetImportWorkerClient::OnTransportError - code=2 error=End of file
