Using pre-set license
Built from '2020.3/staging' branch; Version is '2020.3.26f1 (7298b473bc1a) revision 7510196'; Using compiler version '192528614'; Build Type 'Release'
OS: 'Windows 10  (10.0.19041) 64bit Professional' Language: 'ko' Physical Memory: 32173 MB
BatchMode: 1, IsHumanControllingUs: 0, StartBugReporterOnCrash: 0, Is64bit: 1, IsPro: 0

COMMAND LINE ARGUMENTS:
C:\Program Files\Unity\Hub\Editor\2020.3.26f1\Editor\Unity.exe
-adb2
-batchMode
-noUpm
-name
AssetImportWorker0
-projectPath
C:/Users/Administrator/Desktop/Git/Unity/Part 15 - Dialogue System
-logFile
Logs/AssetImportWorker0.log
-srvPort
4158
Successfully changed project path to: C:/Users/Administrator/Desktop/Git/Unity/Part 15 - Dialogue System
C:/Users/Administrator/Desktop/Git/Unity/Part 15 - Dialogue System
Using Asset Import Pipeline V2.
Refreshing native plugins compatible for Editor in 30.34 ms, found 2 plugins.
Preloading 0 native plugins for Editor in 0.00 ms.
Initialize engine version: 2020.3.26f1 (7298b473bc1a)
[Subsystems] Discovering subsystems at path C:/Program Files/Unity/Hub/Editor/2020.3.26f1/Editor/Data/Resources/UnitySubsystems
[Subsystems] Discovering subsystems at path C:/Users/Administrator/Desktop/Git/Unity/Part 15 - Dialogue System/Assets
GfxDevice: creating device client; threaded=0
Direct3D:
    Version:  Direct3D 11.0 [level 11.1]
    Renderer: NVIDIA GeForce RTX 2060 with Max-Q Design (ID=0x1f12)
    Vendor:   
    VRAM:     5980 MB
    Driver:   30.0.14.9649
Initialize mono
Mono path[0] = 'C:/Program Files/Unity/Hub/Editor/2020.3.26f1/Editor/Data/Managed'
Mono path[1] = 'C:/Program Files/Unity/Hub/Editor/2020.3.26f1/Editor/Data/MonoBleedingEdge/lib/mono/unityjit'
Mono config path = 'C:/Program Files/Unity/Hub/Editor/2020.3.26f1/Editor/Data/MonoBleedingEdge/etc'
Using monoOptions --debugger-agent=transport=dt_socket,embedding=1,server=y,suspend=n,address=127.0.0.1:56872
Begin MonoManager ReloadAssembly
Registering precompiled unity dll's ...
Register platform support module: C:/Program Files/Unity/Hub/Editor/2020.3.26f1/Editor/Data/PlaybackEngines/WindowsStandaloneSupport/UnityEditor.WindowsStandalone.Extensions.dll
Registered in 0.003400 seconds.
Native extension for WindowsStandalone target not found
Refreshing native plugins compatible for Editor in 30.32 ms, found 2 plugins.
Preloading 0 native plugins for Editor in 0.00 ms.
Mono: successfully reloaded assembly
- Completed reload, in  0.553 seconds
Domain Reload Profiling:
	ReloadAssembly (553ms)
		BeginReloadAssembly (66ms)
			ExecutionOrderSort (0ms)
			DisableScriptedObjects (0ms)
			BackupInstance (0ms)
			ReleaseScriptingObjects (0ms)
			CreateAndSetChildDomain (1ms)
		EndReloadAssembly (413ms)
			LoadAssemblies (63ms)
			RebuildTransferFunctionScriptingTraits (0ms)
			SetupTypeCache (133ms)
			ReleaseScriptCaches (0ms)
			RebuildScriptCaches (29ms)
			SetupLoadedEditorAssemblies (149ms)
				LogAssemblyErrors (0ms)
				InitializePlatformSupportModulesInManaged (4ms)
				SetLoadedEditorAssemblies (0ms)
				RefreshPlugins (30ms)
				BeforeProcessingInitializeOnLoad (12ms)
				ProcessInitializeOnLoadAttributes (76ms)
				ProcessInitializeOnLoadMethodAttributes (26ms)
				AfterProcessingInitializeOnLoad (0ms)
				EditorAssembliesLoaded (0ms)
			ExecutionOrderSort2 (0ms)
			AwakeInstancesAfterBackupRestoration (0ms)
Platform modules already initialized, skipping
Registering precompiled user dll's ...
Registered in 0.007820 seconds.
Begin MonoManager ReloadAssembly
Native extension for WindowsStandalone target not found
Refreshing native plugins compatible for Editor in 0.33 ms, found 2 plugins.
Preloading 0 native plugins for Editor in 0.00 ms.
Mono: successfully reloaded assembly
- Completed reload, in  0.912 seconds
Domain Reload Profiling:
	ReloadAssembly (913ms)
		BeginReloadAssembly (141ms)
			ExecutionOrderSort (0ms)
			DisableScriptedObjects (4ms)
			BackupInstance (0ms)
			ReleaseScriptingObjects (0ms)
			CreateAndSetChildDomain (17ms)
		EndReloadAssembly (710ms)
			LoadAssemblies (95ms)
			RebuildTransferFunctionScriptingTraits (0ms)
			SetupTypeCache (243ms)
			ReleaseScriptCaches (0ms)
			RebuildScriptCaches (36ms)
			SetupLoadedEditorAssemblies (272ms)
				LogAssemblyErrors (0ms)
				InitializePlatformSupportModulesInManaged (4ms)
				SetLoadedEditorAssemblies (0ms)
				RefreshPlugins (0ms)
				BeforeProcessingInitializeOnLoad (88ms)
				ProcessInitializeOnLoadAttributes (161ms)
				ProcessInitializeOnLoadMethodAttributes (8ms)
				AfterProcessingInitializeOnLoad (9ms)
				EditorAssembliesLoaded (0ms)
			ExecutionOrderSort2 (0ms)
			AwakeInstancesAfterBackupRestoration (5ms)
Platform modules already initialized, skipping
========================================================================
Worker process is ready to serve import requests
Launched and connected shader compiler UnityShaderCompiler.exe after 0.07 seconds
Refreshing native plugins compatible for Editor in 0.32 ms, found 2 plugins.
Preloading 0 native plugins for Editor in 0.00 ms.
Unloading 1503 Unused Serialized files (Serialized files now loaded: 0)
System memory in use before: 67.5 MB.
System memory in use after: 67.6 MB.

Unloading 19 unused Assets to reduce memory usage. Loaded Objects now: 1935.
Total: 3.262200 ms (FindLiveObjects: 0.185300 ms CreateObjectMapping: 0.063100 ms MarkObjects: 2.950100 ms  DeleteObjects: 0.062100 ms)

AssetImportParameters requested are different than current active one (requested -> active):
  custom:framework-win-MediaFoundation: 216162199b28c13a410421893ffa2e32 -> 
  custom:video-decoder-ogg-theora: a1e56fd34408186e4bbccfd4996cb3dc -> 
  custom:container-muxer-webm: aa71ff27fc2769a1b78a27578f13a17b -> 
  custom:container-demuxer-webm: 4f35f7cbe854078d1ac9338744f61a02 -> 
  custom:container-demuxer-ogg: 62fdf1f143b41e24485cea50d1cbac27 -> 
  custom:video-encoder-webm-vp8: eb34c28f22e8b96e1ab97ce403110664 -> 
  custom:video-decoder-webm-vp8: 9c59270c3fd7afecdb556c50c9e8de78 -> 
  custom:audio-decoder-ogg-vorbis: bf7c407c2cedff20999df2af8eb42d56 -> 
  custom:audio-encoder-webm-vorbis: bf7c407c2cedff20999df2af8eb42d56 -> 
========================================================================
Received Import Request.
  path: Assets/Images
  artifactKey: Guid(2bec5afdedbb284408b11369327c901b) Importer(815301076,1909f56bfc062723c751e8b465ee728b)
Start importing Assets/Images using Guid(2bec5afdedbb284408b11369327c901b) Importer(815301076,1909f56bfc062723c751e8b465ee728b)  -> (artifact id: '1418fd361cef98f0e1ec042502084689') in 0.010072 seconds 
  Import took 0.012313 seconds .

========================================================================
Received Import Request.
  Time since last request: 8.464279 seconds.
  path: Assets/Scripts
  artifactKey: Guid(e47d644dea55ee247924fe22557953a4) Importer(815301076,1909f56bfc062723c751e8b465ee728b)
Start importing Assets/Scripts using Guid(e47d644dea55ee247924fe22557953a4) Importer(815301076,1909f56bfc062723c751e8b465ee728b)  -> (artifact id: '4b8347ebee0bcffb4ef14b836d8d2e8b') in 0.008551 seconds 
  Import took 0.011747 seconds .

========================================================================
Received Import Request.
  Time since last request: 15.575965 seconds.
  path: Assets/Animations
  artifactKey: Guid(f8870c71876f8d142b5df6bc901d1ae8) Importer(815301076,1909f56bfc062723c751e8b465ee728b)
Start importing Assets/Animations using Guid(f8870c71876f8d142b5df6bc901d1ae8) Importer(815301076,1909f56bfc062723c751e8b465ee728b)  -> (artifact id: 'ba6588ee46e4f2fa78e106ce70904b71') in 0.008971 seconds 
  Import took 0.011255 seconds .

========================================================================
Received Import Request.
  Time since last request: 1.718257 seconds.
  path: Assets/Scenes
  artifactKey: Guid(dbde251c6be7d284e9726e1a89194466) Importer(815301076,1909f56bfc062723c751e8b465ee728b)
Start importing Assets/Scenes using Guid(dbde251c6be7d284e9726e1a89194466) Importer(815301076,1909f56bfc062723c751e8b465ee728b)  -> (artifact id: 'b9f0ce0699747dc451f88afbed08da21') in 0.006698 seconds 
  Import took 0.009652 seconds .

========================================================================
Received Import Request.
  Time since last request: 58.716473 seconds.
  path: Assets/Images/crop.png
  artifactKey: Guid(1bdc2aa4199d8c844aa1931e8f274b8f) Importer(815301076,1909f56bfc062723c751e8b465ee728b)
Start importing Assets/Images/crop.png using Guid(1bdc2aa4199d8c844aa1931e8f274b8f) Importer(815301076,1909f56bfc062723c751e8b465ee728b)  -> (artifact id: '59589553cfd9e3fc27d0824f60e645da') in 0.079413 seconds 
  Import took 0.081843 seconds .

========================================================================
Received Import Request.
  Time since last request: 0.000196 seconds.
  path: Assets/Images/example 3.png
  artifactKey: Guid(ef9491c54c0c5224798a30478808c684) Importer(815301076,1909f56bfc062723c751e8b465ee728b)
Start importing Assets/Images/example 3.png using Guid(ef9491c54c0c5224798a30478808c684) Importer(815301076,1909f56bfc062723c751e8b465ee728b)  -> (artifact id: 'e65d9943d2f6c8bf389620cb890cdc30') in 0.013999 seconds 
  Import took 0.016230 seconds .

========================================================================
Received Import Request.
  Time since last request: 0.000213 seconds.
  path: Assets/Images/example 4.png
  artifactKey: Guid(946795f1644784341b0f7041aff35f66) Importer(815301076,1909f56bfc062723c751e8b465ee728b)
Start importing Assets/Images/example 4.png using Guid(946795f1644784341b0f7041aff35f66) Importer(815301076,1909f56bfc062723c751e8b465ee728b)  -> (artifact id: '415927d1a65c5ce7aee0b777b73de162') in 0.012043 seconds 
  Import took 0.014344 seconds .

========================================================================
Received Import Request.
  Time since last request: 0.000277 seconds.
  path: Assets/Images/example 1.png
  artifactKey: Guid(7f84f32d33adf344693a74b32514e522) Importer(815301076,1909f56bfc062723c751e8b465ee728b)
Start importing Assets/Images/example 1.png using Guid(7f84f32d33adf344693a74b32514e522) Importer(815301076,1909f56bfc062723c751e8b465ee728b)  -> (artifact id: '9def276eeea2ace6cf38d8a9e2ed5509') in 0.013365 seconds 
  Import took 0.015702 seconds .

========================================================================
Received Import Request.
  Time since last request: 0.000272 seconds.
  path: Assets/Images/example 2.png
  artifactKey: Guid(9c4fa138547cf7345b0e9c570b47fb4b) Importer(815301076,1909f56bfc062723c751e8b465ee728b)
Start importing Assets/Images/example 2.png using Guid(9c4fa138547cf7345b0e9c570b47fb4b) Importer(815301076,1909f56bfc062723c751e8b465ee728b)  -> (artifact id: '487dd4f81f027c00f10e0e9427ee406b') in 0.015124 seconds 
  Import took 0.017549 seconds .

========================================================================
Received Import Request.
  Time since last request: 15.960270 seconds.
  path: Assets/Images/Materials
  artifactKey: Guid(e3feb1b0be9e39f4d897611e4082a9a0) Importer(815301076,1909f56bfc062723c751e8b465ee728b)
Start importing Assets/Images/Materials using Guid(e3feb1b0be9e39f4d897611e4082a9a0) Importer(815301076,1909f56bfc062723c751e8b465ee728b)  -> (artifact id: 'f213e7bdb00ccd68c3db8430600b5c6f') in 0.006792 seconds 
  Import took 0.009683 seconds .

========================================================================
Received Import Request.
  Time since last request: 187.216297 seconds.
  path: Assets/Images/example 1.png
  artifactKey: Guid(7f84f32d33adf344693a74b32514e522) Importer(815301076,1909f56bfc062723c751e8b465ee728b)
Start importing Assets/Images/example 1.png using Guid(7f84f32d33adf344693a74b32514e522) Importer(815301076,1909f56bfc062723c751e8b465ee728b)  -> (artifact id: '98d427da454be189aaf1516bc91c5eda') in 0.048989 seconds 
  Import took 0.052960 seconds .

========================================================================
Received Import Request.
  Time since last request: 28.146639 seconds.
  path: Assets/Images/example 1.png
  artifactKey: Guid(7f84f32d33adf344693a74b32514e522) Importer(815301076,1909f56bfc062723c751e8b465ee728b)
Start importing Assets/Images/example 1.png using Guid(7f84f32d33adf344693a74b32514e522) Importer(815301076,1909f56bfc062723c751e8b465ee728b)  -> (artifact id: '77087499072f0099c3bf7476f0fa2936') in 0.014468 seconds 
  Import took 0.016934 seconds .

========================================================================
Received Prepare
Registering precompiled user dll's ...
Registered in 0.006704 seconds.
Begin MonoManager ReloadAssembly
Native extension for WindowsStandalone target not found
Refreshing native plugins compatible for Editor in 0.35 ms, found 2 plugins.
Preloading 0 native plugins for Editor in 0.00 ms.
Mono: successfully reloaded assembly
- Completed reload, in  0.872 seconds
Domain Reload Profiling:
	ReloadAssembly (873ms)
		BeginReloadAssembly (120ms)
			ExecutionOrderSort (0ms)
			DisableScriptedObjects (4ms)
			BackupInstance (0ms)
			ReleaseScriptingObjects (0ms)
			CreateAndSetChildDomain (30ms)
		EndReloadAssembly (689ms)
			LoadAssemblies (99ms)
			RebuildTransferFunctionScriptingTraits (0ms)
			SetupTypeCache (235ms)
			ReleaseScriptCaches (1ms)
			RebuildScriptCaches (31ms)
			SetupLoadedEditorAssemblies (263ms)
				LogAssemblyErrors (0ms)
				InitializePlatformSupportModulesInManaged (4ms)
				SetLoadedEditorAssemblies (0ms)
				RefreshPlugins (0ms)
				BeforeProcessingInitializeOnLoad (89ms)
				ProcessInitializeOnLoadAttributes (150ms)
				ProcessInitializeOnLoadMethodAttributes (8ms)
				AfterProcessingInitializeOnLoad (11ms)
				EditorAssembliesLoaded (0ms)
			ExecutionOrderSort2 (0ms)
			AwakeInstancesAfterBackupRestoration (6ms)
Platform modules already initialized, skipping
Refreshing native plugins compatible for Editor in 0.35 ms, found 2 plugins.
Preloading 0 native plugins for Editor in 0.00 ms.
Unloading 1531 Unused Serialized files (Serialized files now loaded: 0)
System memory in use before: 72.5 MB.
System memory in use after: 72.6 MB.

Unloading 14 unused Assets to reduce memory usage. Loaded Objects now: 1979.
Total: 2.681100 ms (FindLiveObjects: 0.232900 ms CreateObjectMapping: 0.100400 ms MarkObjects: 2.330500 ms  DeleteObjects: 0.016000 ms)

AssetImportParameters requested are different than current active one (requested -> active):
  custom:framework-win-MediaFoundation: 216162199b28c13a410421893ffa2e32 -> 
  custom:video-decoder-ogg-theora: a1e56fd34408186e4bbccfd4996cb3dc -> 
  custom:container-muxer-webm: aa71ff27fc2769a1b78a27578f13a17b -> 
  custom:container-demuxer-webm: 4f35f7cbe854078d1ac9338744f61a02 -> 
  custom:container-demuxer-ogg: 62fdf1f143b41e24485cea50d1cbac27 -> 
  custom:video-encoder-webm-vp8: eb34c28f22e8b96e1ab97ce403110664 -> 
  custom:video-decoder-webm-vp8: 9c59270c3fd7afecdb556c50c9e8de78 -> 
  custom:audio-decoder-ogg-vorbis: bf7c407c2cedff20999df2af8eb42d56 -> 
  custom:audio-encoder-webm-vorbis: bf7c407c2cedff20999df2af8eb42d56 -> 
========================================================================
Received Import Request.
  Time since last request: 227.103006 seconds.
  path: Assets/Images/example 1.png
  artifactKey: Guid(7f84f32d33adf344693a74b32514e522) Importer(815301076,1909f56bfc062723c751e8b465ee728b)
Start importing Assets/Images/example 1.png using Guid(7f84f32d33adf344693a74b32514e522) Importer(815301076,1909f56bfc062723c751e8b465ee728b)  -> (artifact id: '0380f89e618b87678d87d010e9886041') in 0.067280 seconds 
  Import took 0.069898 seconds .

========================================================================
Received Import Request.
  Time since last request: 70.799172 seconds.
  path: Assets/Images/example 1.png
  artifactKey: Guid(7f84f32d33adf344693a74b32514e522) Importer(815301076,1909f56bfc062723c751e8b465ee728b)
Start importing Assets/Images/example 1.png using Guid(7f84f32d33adf344693a74b32514e522) Importer(815301076,1909f56bfc062723c751e8b465ee728b)  -> (artifact id: '76d93df8b12f383b2ed5d2168a206cc1') in 0.018852 seconds 
  Import took 0.022111 seconds .

========================================================================
Received Import Request.
  Time since last request: 74.457151 seconds.
  path: Assets/Images/example 1.png
  artifactKey: Guid(7f84f32d33adf344693a74b32514e522) Importer(815301076,1909f56bfc062723c751e8b465ee728b)
Start importing Assets/Images/example 1.png using Guid(7f84f32d33adf344693a74b32514e522) Importer(815301076,1909f56bfc062723c751e8b465ee728b)  -> (artifact id: '72dc4381eada317572b595456161f031') in 0.020030 seconds 
  Import took 0.022742 seconds .

========================================================================
Received Import Request.
  Time since last request: 8.704900 seconds.
  path: Assets/Images/example 1.png
  artifactKey: Guid(7f84f32d33adf344693a74b32514e522) Importer(815301076,1909f56bfc062723c751e8b465ee728b)
Start importing Assets/Images/example 1.png using Guid(7f84f32d33adf344693a74b32514e522) Importer(815301076,1909f56bfc062723c751e8b465ee728b)  -> (artifact id: 'c93e5c57a70ab0f12317b7ad25ea59a5') in 0.029195 seconds 
  Import took 0.031718 seconds .

========================================================================
Received Import Request.
  Time since last request: 12.300693 seconds.
  path: Assets/Images/example 1.png
  artifactKey: Guid(7f84f32d33adf344693a74b32514e522) Importer(815301076,1909f56bfc062723c751e8b465ee728b)
Start importing Assets/Images/example 1.png using Guid(7f84f32d33adf344693a74b32514e522) Importer(815301076,1909f56bfc062723c751e8b465ee728b)  -> (artifact id: 'c178c7cdc82558e3a1b09d33a0f611a6') in 0.018722 seconds 
  Import took 0.021791 seconds .

========================================================================
Received Import Request.
  Time since last request: 219.009481 seconds.
  path: Assets/Images/example 1.png
  artifactKey: Guid(7f84f32d33adf344693a74b32514e522) Importer(815301076,1909f56bfc062723c751e8b465ee728b)
Start importing Assets/Images/example 1.png using Guid(7f84f32d33adf344693a74b32514e522) Importer(815301076,1909f56bfc062723c751e8b465ee728b)  -> (artifact id: '34249eb4853f9160f61ba5a76f2d0a5b') in 0.014359 seconds 
  Import took 0.017246 seconds .

========================================================================
Received Import Request.
  Time since last request: 224.666987 seconds.
  path: Assets/Images/example 3.png
  artifactKey: Guid(ef9491c54c0c5224798a30478808c684) Importer(815301076,1909f56bfc062723c751e8b465ee728b)
Start importing Assets/Images/example 3.png using Guid(ef9491c54c0c5224798a30478808c684) Importer(815301076,1909f56bfc062723c751e8b465ee728b)  -> (artifact id: 'e757414c024009a6ea1dd2afc3701b7d') in 0.017279 seconds 
  Import took 0.020754 seconds .

========================================================================
Received Import Request.
  Time since last request: 190.231779 seconds.
  path: Assets/Images/example 2.png
  artifactKey: Guid(9c4fa138547cf7345b0e9c570b47fb4b) Importer(815301076,1909f56bfc062723c751e8b465ee728b)
Start importing Assets/Images/example 2.png using Guid(9c4fa138547cf7345b0e9c570b47fb4b) Importer(815301076,1909f56bfc062723c751e8b465ee728b)  -> (artifact id: 'd654512a2bf9e10b7df14fd134ca7102') in 0.015370 seconds 
  Import took 0.018460 seconds .

========================================================================
Received Import Request.
  Time since last request: 0.000231 seconds.
  path: Assets/Images/example 4.png
  artifactKey: Guid(946795f1644784341b0f7041aff35f66) Importer(815301076,1909f56bfc062723c751e8b465ee728b)
Start importing Assets/Images/example 4.png using Guid(946795f1644784341b0f7041aff35f66) Importer(815301076,1909f56bfc062723c751e8b465ee728b)  -> (artifact id: '678460d0bd9bbc5a0944b4a21fb08932') in 0.016177 seconds 
  Import took 0.019414 seconds .

========================================================================
Received Import Request.
  Time since last request: 542.218266 seconds.
  path: Assets/Images/crop.png
  artifactKey: Guid(1bdc2aa4199d8c844aa1931e8f274b8f) Importer(815301076,1909f56bfc062723c751e8b465ee728b)
Start importing Assets/Images/crop.png using Guid(1bdc2aa4199d8c844aa1931e8f274b8f) Importer(815301076,1909f56bfc062723c751e8b465ee728b)  -> (artifact id: 'a9b7f00a302bc2b613aa52f7c3b36685') in 0.021216 seconds 
  Import took 0.024040 seconds .

========================================================================
Received Import Request.
  Time since last request: 123.751351 seconds.
  path: ProjectSettings/TagManager.asset
  artifactKey: Guid(00000000000000003000000000000000) Importer(815301076,1909f56bfc062723c751e8b465ee728b)
Start importing ProjectSettings/TagManager.asset using Guid(00000000000000003000000000000000) Importer(815301076,1909f56bfc062723c751e8b465ee728b)  -> (artifact id: 'ce6a35c3cddc746e7501c0bd0ed6d4ce') in 0.011917 seconds 
  Import took 0.014601 seconds .

========================================================================
Received Import Request.
  Time since last request: 243.522748 seconds.
  path: Assets/Scripts/DialogueSystem_Unity.cs
  artifactKey: Guid(77d5bbc8f1660ce4ba0f5025503c93ab) Importer(815301076,1909f56bfc062723c751e8b465ee728b)
Start importing Assets/Scripts/DialogueSystem_Unity.cs using Guid(77d5bbc8f1660ce4ba0f5025503c93ab) Importer(815301076,1909f56bfc062723c751e8b465ee728b)  -> (artifact id: '657c954ab024854e756336d65a5ef209') in 0.018234 seconds 
  Import took 0.020807 seconds .

========================================================================
Received Prepare
Registering precompiled user dll's ...
Registered in 0.007094 seconds.
Begin MonoManager ReloadAssembly
Native extension for WindowsStandalone target not found
Refreshing native plugins compatible for Editor in 0.37 ms, found 2 plugins.
Preloading 0 native plugins for Editor in 0.00 ms.
Mono: successfully reloaded assembly
- Completed reload, in  1.097 seconds
Domain Reload Profiling:
	ReloadAssembly (1098ms)
		BeginReloadAssembly (130ms)
			ExecutionOrderSort (0ms)
			DisableScriptedObjects (4ms)
			BackupInstance (0ms)
			ReleaseScriptingObjects (0ms)
			CreateAndSetChildDomain (30ms)
		EndReloadAssembly (886ms)
			LoadAssemblies (110ms)
			RebuildTransferFunctionScriptingTraits (0ms)
			SetupTypeCache (307ms)
			ReleaseScriptCaches (1ms)
			RebuildScriptCaches (38ms)
			SetupLoadedEditorAssemblies (341ms)
				LogAssemblyErrors (0ms)
				InitializePlatformSupportModulesInManaged (5ms)
				SetLoadedEditorAssemblies (0ms)
				RefreshPlugins (0ms)
				BeforeProcessingInitializeOnLoad (98ms)
				ProcessInitializeOnLoadAttributes (216ms)
				ProcessInitializeOnLoadMethodAttributes (10ms)
				AfterProcessingInitializeOnLoad (11ms)
				EditorAssembliesLoaded (0ms)
			ExecutionOrderSort2 (0ms)
			AwakeInstancesAfterBackupRestoration (10ms)
Platform modules already initialized, skipping
Refreshing native plugins compatible for Editor in 0.36 ms, found 2 plugins.
Preloading 0 native plugins for Editor in 0.00 ms.
Unloading 1532 Unused Serialized files (Serialized files now loaded: 0)
System memory in use before: 72.5 MB.
System memory in use after: 72.7 MB.

Unloading 15 unused Assets to reduce memory usage. Loaded Objects now: 1988.
Total: 2.682600 ms (FindLiveObjects: 0.175700 ms CreateObjectMapping: 0.034600 ms MarkObjects: 2.453200 ms  DeleteObjects: 0.018100 ms)

AssetImportParameters requested are different than current active one (requested -> active):
  custom:framework-win-MediaFoundation: 216162199b28c13a410421893ffa2e32 -> 
  custom:video-decoder-ogg-theora: a1e56fd34408186e4bbccfd4996cb3dc -> 
  custom:container-muxer-webm: aa71ff27fc2769a1b78a27578f13a17b -> 
  custom:container-demuxer-webm: 4f35f7cbe854078d1ac9338744f61a02 -> 
  custom:container-demuxer-ogg: 62fdf1f143b41e24485cea50d1cbac27 -> 
  custom:video-encoder-webm-vp8: eb34c28f22e8b96e1ab97ce403110664 -> 
  custom:video-decoder-webm-vp8: 9c59270c3fd7afecdb556c50c9e8de78 -> 
  custom:audio-decoder-ogg-vorbis: bf7c407c2cedff20999df2af8eb42d56 -> 
  custom:audio-encoder-webm-vorbis: bf7c407c2cedff20999df2af8eb42d56 -> 
========================================================================
Received Import Request.
  Time since last request: 2305.812327 seconds.
  path: Assets/Scripts/DialogueSystem_Unity.cs
  artifactKey: Guid(77d5bbc8f1660ce4ba0f5025503c93ab) Importer(815301076,1909f56bfc062723c751e8b465ee728b)
Start importing Assets/Scripts/DialogueSystem_Unity.cs using Guid(77d5bbc8f1660ce4ba0f5025503c93ab) Importer(815301076,1909f56bfc062723c751e8b465ee728b)  -> (artifact id: 'ff70ba1542df609501f7949c0dd4168b') in 0.007669 seconds 
  Import took 0.010515 seconds .

========================================================================
Received Prepare
Registering precompiled user dll's ...
Registered in 0.006971 seconds.
Begin MonoManager ReloadAssembly
Native extension for WindowsStandalone target not found
Refreshing native plugins compatible for Editor in 0.50 ms, found 2 plugins.
Preloading 0 native plugins for Editor in 0.00 ms.
Mono: successfully reloaded assembly
- Completed reload, in  0.892 seconds
Domain Reload Profiling:
	ReloadAssembly (893ms)
		BeginReloadAssembly (135ms)
			ExecutionOrderSort (0ms)
			DisableScriptedObjects (4ms)
			BackupInstance (0ms)
			ReleaseScriptingObjects (0ms)
			CreateAndSetChildDomain (34ms)
		EndReloadAssembly (691ms)
			LoadAssemblies (99ms)
			RebuildTransferFunctionScriptingTraits (0ms)
			SetupTypeCache (239ms)
			ReleaseScriptCaches (1ms)
			RebuildScriptCaches (33ms)
			SetupLoadedEditorAssemblies (259ms)
				LogAssemblyErrors (0ms)
				InitializePlatformSupportModulesInManaged (4ms)
				SetLoadedEditorAssemblies (0ms)
				RefreshPlugins (1ms)
				BeforeProcessingInitializeOnLoad (88ms)
				ProcessInitializeOnLoadAttributes (147ms)
				ProcessInitializeOnLoadMethodAttributes (8ms)
				AfterProcessingInitializeOnLoad (10ms)
				EditorAssembliesLoaded (0ms)
			ExecutionOrderSort2 (0ms)
			AwakeInstancesAfterBackupRestoration (6ms)
Platform modules already initialized, skipping
Refreshing native plugins compatible for Editor in 0.35 ms, found 2 plugins.
Preloading 0 native plugins for Editor in 0.00 ms.
Unloading 1532 Unused Serialized files (Serialized files now loaded: 0)
System memory in use before: 72.6 MB.
System memory in use after: 72.7 MB.

Unloading 14 unused Assets to reduce memory usage. Loaded Objects now: 1990.
Total: 2.778500 ms (FindLiveObjects: 0.208400 ms CreateObjectMapping: 0.065800 ms MarkObjects: 2.487000 ms  DeleteObjects: 0.015700 ms)

AssetImportParameters requested are different than current active one (requested -> active):
  custom:framework-win-MediaFoundation: 216162199b28c13a410421893ffa2e32 -> 
  custom:video-decoder-ogg-theora: a1e56fd34408186e4bbccfd4996cb3dc -> 
  custom:container-muxer-webm: aa71ff27fc2769a1b78a27578f13a17b -> 
  custom:container-demuxer-webm: 4f35f7cbe854078d1ac9338744f61a02 -> 
  custom:container-demuxer-ogg: 62fdf1f143b41e24485cea50d1cbac27 -> 
  custom:video-encoder-webm-vp8: eb34c28f22e8b96e1ab97ce403110664 -> 
  custom:video-decoder-webm-vp8: 9c59270c3fd7afecdb556c50c9e8de78 -> 
  custom:audio-decoder-ogg-vorbis: bf7c407c2cedff20999df2af8eb42d56 -> 
  custom:audio-encoder-webm-vorbis: bf7c407c2cedff20999df2af8eb42d56 -> 
========================================================================
Received Import Request.
  Time since last request: 29.651626 seconds.
  path: Assets/Scripts/DialogueSystem_Unity.cs
  artifactKey: Guid(77d5bbc8f1660ce4ba0f5025503c93ab) Importer(815301076,1909f56bfc062723c751e8b465ee728b)
Start importing Assets/Scripts/DialogueSystem_Unity.cs using Guid(77d5bbc8f1660ce4ba0f5025503c93ab) Importer(815301076,1909f56bfc062723c751e8b465ee728b)  -> (artifact id: 'bc0fec0f6cce808294b863f4e8f18de1') in 0.006107 seconds 
  Import took 0.008905 seconds .

========================================================================
Received Prepare
Registering precompiled user dll's ...
Registered in 0.007934 seconds.
Begin MonoManager ReloadAssembly
Native extension for WindowsStandalone target not found
Refreshing native plugins compatible for Editor in 0.36 ms, found 2 plugins.
Preloading 0 native plugins for Editor in 0.00 ms.
Mono: successfully reloaded assembly
- Completed reload, in  0.900 seconds
Domain Reload Profiling:
	ReloadAssembly (900ms)
		BeginReloadAssembly (120ms)
			ExecutionOrderSort (0ms)
			DisableScriptedObjects (3ms)
			BackupInstance (0ms)
			ReleaseScriptingObjects (0ms)
			CreateAndSetChildDomain (30ms)
		EndReloadAssembly (714ms)
			LoadAssemblies (103ms)
			RebuildTransferFunctionScriptingTraits (0ms)
			SetupTypeCache (250ms)
			ReleaseScriptCaches (1ms)
			RebuildScriptCaches (33ms)
			SetupLoadedEditorAssemblies (261ms)
				LogAssemblyErrors (0ms)
				InitializePlatformSupportModulesInManaged (4ms)
				SetLoadedEditorAssemblies (0ms)
				RefreshPlugins (0ms)
				BeforeProcessingInitializeOnLoad (87ms)
				ProcessInitializeOnLoadAttributes (150ms)
				ProcessInitializeOnLoadMethodAttributes (8ms)
				AfterProcessingInitializeOnLoad (10ms)
				EditorAssembliesLoaded (0ms)
			ExecutionOrderSort2 (0ms)
			AwakeInstancesAfterBackupRestoration (5ms)
Platform modules already initialized, skipping
Refreshing native plugins compatible for Editor in 0.36 ms, found 2 plugins.
Preloading 0 native plugins for Editor in 0.00 ms.
Unloading 1532 Unused Serialized files (Serialized files now loaded: 0)
System memory in use before: 72.6 MB.
System memory in use after: 72.7 MB.

Unloading 14 unused Assets to reduce memory usage. Loaded Objects now: 1992.
Total: 2.619000 ms (FindLiveObjects: 0.155300 ms CreateObjectMapping: 0.035200 ms MarkObjects: 2.410000 ms  DeleteObjects: 0.017100 ms)

AssetImportParameters requested are different than current active one (requested -> active):
  custom:framework-win-MediaFoundation: 216162199b28c13a410421893ffa2e32 -> 
  custom:video-decoder-ogg-theora: a1e56fd34408186e4bbccfd4996cb3dc -> 
  custom:container-muxer-webm: aa71ff27fc2769a1b78a27578f13a17b -> 
  custom:container-demuxer-webm: 4f35f7cbe854078d1ac9338744f61a02 -> 
  custom:container-demuxer-ogg: 62fdf1f143b41e24485cea50d1cbac27 -> 
  custom:video-encoder-webm-vp8: eb34c28f22e8b96e1ab97ce403110664 -> 
  custom:video-decoder-webm-vp8: 9c59270c3fd7afecdb556c50c9e8de78 -> 
  custom:audio-decoder-ogg-vorbis: bf7c407c2cedff20999df2af8eb42d56 -> 
  custom:audio-encoder-webm-vorbis: bf7c407c2cedff20999df2af8eb42d56 -> 
========================================================================
Received Prepare
Registering precompiled user dll's ...
Registered in 0.006990 seconds.
Begin MonoManager ReloadAssembly
Native extension for WindowsStandalone target not found
Refreshing native plugins compatible for Editor in 0.36 ms, found 2 plugins.
Preloading 0 native plugins for Editor in 0.00 ms.
Mono: successfully reloaded assembly
- Completed reload, in  0.902 seconds
Domain Reload Profiling:
	ReloadAssembly (903ms)
		BeginReloadAssembly (121ms)
			ExecutionOrderSort (0ms)
			DisableScriptedObjects (4ms)
			BackupInstance (0ms)
			ReleaseScriptingObjects (0ms)
			CreateAndSetChildDomain (29ms)
		EndReloadAssembly (718ms)
			LoadAssemblies (101ms)
			RebuildTransferFunctionScriptingTraits (0ms)
			SetupTypeCache (238ms)
			ReleaseScriptCaches (1ms)
			RebuildScriptCaches (33ms)
			SetupLoadedEditorAssemblies (273ms)
				LogAssemblyErrors (0ms)
				InitializePlatformSupportModulesInManaged (5ms)
				SetLoadedEditorAssemblies (1ms)
				RefreshPlugins (0ms)
				BeforeProcessingInitializeOnLoad (89ms)
				ProcessInitializeOnLoadAttributes (158ms)
				ProcessInitializeOnLoadMethodAttributes (9ms)
				AfterProcessingInitializeOnLoad (11ms)
				EditorAssembliesLoaded (0ms)
			ExecutionOrderSort2 (0ms)
			AwakeInstancesAfterBackupRestoration (6ms)
Platform modules already initialized, skipping
Refreshing native plugins compatible for Editor in 0.35 ms, found 2 plugins.
Preloading 0 native plugins for Editor in 0.00 ms.
Unloading 1532 Unused Serialized files (Serialized files now loaded: 0)
System memory in use before: 72.6 MB.
System memory in use after: 72.7 MB.

Unloading 14 unused Assets to reduce memory usage. Loaded Objects now: 1994.
Total: 2.989800 ms (FindLiveObjects: 0.237900 ms CreateObjectMapping: 0.094700 ms MarkObjects: 2.639500 ms  DeleteObjects: 0.015300 ms)

AssetImportParameters requested are different than current active one (requested -> active):
  custom:framework-win-MediaFoundation: 216162199b28c13a410421893ffa2e32 -> 
  custom:video-decoder-ogg-theora: a1e56fd34408186e4bbccfd4996cb3dc -> 
  custom:container-muxer-webm: aa71ff27fc2769a1b78a27578f13a17b -> 
  custom:container-demuxer-webm: 4f35f7cbe854078d1ac9338744f61a02 -> 
  custom:container-demuxer-ogg: 62fdf1f143b41e24485cea50d1cbac27 -> 
  custom:video-encoder-webm-vp8: eb34c28f22e8b96e1ab97ce403110664 -> 
  custom:video-decoder-webm-vp8: 9c59270c3fd7afecdb556c50c9e8de78 -> 
  custom:audio-decoder-ogg-vorbis: bf7c407c2cedff20999df2af8eb42d56 -> 
  custom:audio-encoder-webm-vorbis: bf7c407c2cedff20999df2af8eb42d56 -> 
========================================================================
Received Import Request.
  Time since last request: 351.357358 seconds.
  path: Assets/Scripts/DialogueSystem_Unity.cs
  artifactKey: Guid(77d5bbc8f1660ce4ba0f5025503c93ab) Importer(815301076,1909f56bfc062723c751e8b465ee728b)
Start importing Assets/Scripts/DialogueSystem_Unity.cs using Guid(77d5bbc8f1660ce4ba0f5025503c93ab) Importer(815301076,1909f56bfc062723c751e8b465ee728b)  -> (artifact id: '02a02b70fb5dea9d33e5b8326ad7e2ed') in 0.010043 seconds 
  Import took 0.013801 seconds .

========================================================================
Received Prepare
Registering precompiled user dll's ...
Registered in 0.006306 seconds.
Begin MonoManager ReloadAssembly
Native extension for WindowsStandalone target not found
Refreshing native plugins compatible for Editor in 0.38 ms, found 2 plugins.
Preloading 0 native plugins for Editor in 0.00 ms.
Mono: successfully reloaded assembly
- Completed reload, in  0.870 seconds
Domain Reload Profiling:
	ReloadAssembly (871ms)
		BeginReloadAssembly (117ms)
			ExecutionOrderSort (0ms)
			DisableScriptedObjects (3ms)
			BackupInstance (0ms)
			ReleaseScriptingObjects (0ms)
			CreateAndSetChildDomain (26ms)
		EndReloadAssembly (694ms)
			LoadAssemblies (90ms)
			RebuildTransferFunctionScriptingTraits (0ms)
			SetupTypeCache (234ms)
			ReleaseScriptCaches (1ms)
			RebuildScriptCaches (34ms)
			SetupLoadedEditorAssemblies (265ms)
				LogAssemblyErrors (0ms)
				InitializePlatformSupportModulesInManaged (4ms)
				SetLoadedEditorAssemblies (0ms)
				RefreshPlugins (0ms)
				BeforeProcessingInitializeOnLoad (90ms)
				ProcessInitializeOnLoadAttributes (151ms)
				ProcessInitializeOnLoadMethodAttributes (8ms)
				AfterProcessingInitializeOnLoad (10ms)
				EditorAssembliesLoaded (0ms)
			ExecutionOrderSort2 (0ms)
			AwakeInstancesAfterBackupRestoration (5ms)
Platform modules already initialized, skipping
Refreshing native plugins compatible for Editor in 0.37 ms, found 2 plugins.
Preloading 0 native plugins for Editor in 0.00 ms.
Unloading 1532 Unused Serialized files (Serialized files now loaded: 0)
System memory in use before: 72.6 MB.
System memory in use after: 72.7 MB.

Unloading 14 unused Assets to reduce memory usage. Loaded Objects now: 1996.
Total: 3.738600 ms (FindLiveObjects: 0.243300 ms CreateObjectMapping: 0.090100 ms MarkObjects: 3.386500 ms  DeleteObjects: 0.016700 ms)

AssetImportParameters requested are different than current active one (requested -> active):
  custom:framework-win-MediaFoundation: 216162199b28c13a410421893ffa2e32 -> 
  custom:video-decoder-ogg-theora: a1e56fd34408186e4bbccfd4996cb3dc -> 
  custom:container-muxer-webm: aa71ff27fc2769a1b78a27578f13a17b -> 
  custom:container-demuxer-webm: 4f35f7cbe854078d1ac9338744f61a02 -> 
  custom:container-demuxer-ogg: 62fdf1f143b41e24485cea50d1cbac27 -> 
  custom:video-encoder-webm-vp8: eb34c28f22e8b96e1ab97ce403110664 -> 
  custom:video-decoder-webm-vp8: 9c59270c3fd7afecdb556c50c9e8de78 -> 
  custom:audio-decoder-ogg-vorbis: bf7c407c2cedff20999df2af8eb42d56 -> 
  custom:audio-encoder-webm-vorbis: bf7c407c2cedff20999df2af8eb42d56 -> 
========================================================================
Received Import Request.
  Time since last request: 510.089072 seconds.
  path: Assets/Scripts/Test.cs
  artifactKey: Guid(907dc02f215e1014c9bda525cc761d29) Importer(815301076,1909f56bfc062723c751e8b465ee728b)
Start importing Assets/Scripts/Test.cs using Guid(907dc02f215e1014c9bda525cc761d29) Importer(815301076,1909f56bfc062723c751e8b465ee728b)  -> (artifact id: 'badc43165eae677adbfe075b110acf89') in 0.010103 seconds 
  Import took 0.012852 seconds .

========================================================================
Received Prepare
Registering precompiled user dll's ...
Registered in 0.006835 seconds.
Begin MonoManager ReloadAssembly
Native extension for WindowsStandalone target not found
Refreshing native plugins compatible for Editor in 0.36 ms, found 2 plugins.
Preloading 0 native plugins for Editor in 0.00 ms.
Mono: successfully reloaded assembly
- Completed reload, in  0.945 seconds
Domain Reload Profiling:
	ReloadAssembly (945ms)
		BeginReloadAssembly (133ms)
			ExecutionOrderSort (0ms)
			DisableScriptedObjects (4ms)
			BackupInstance (0ms)
			ReleaseScriptingObjects (0ms)
			CreateAndSetChildDomain (29ms)
		EndReloadAssembly (738ms)
			LoadAssemblies (109ms)
			RebuildTransferFunctionScriptingTraits (0ms)
			SetupTypeCache (253ms)
			ReleaseScriptCaches (1ms)
			RebuildScriptCaches (35ms)
			SetupLoadedEditorAssemblies (279ms)
				LogAssemblyErrors (0ms)
				InitializePlatformSupportModulesInManaged (4ms)
				SetLoadedEditorAssemblies (0ms)
				RefreshPlugins (0ms)
				BeforeProcessingInitializeOnLoad (85ms)
				ProcessInitializeOnLoadAttributes (164ms)
				ProcessInitializeOnLoadMethodAttributes (10ms)
				AfterProcessingInitializeOnLoad (15ms)
				EditorAssembliesLoaded (0ms)
			ExecutionOrderSort2 (0ms)
			AwakeInstancesAfterBackupRestoration (7ms)
Platform modules already initialized, skipping
Refreshing native plugins compatible for Editor in 0.55 ms, found 2 plugins.
Preloading 0 native plugins for Editor in 0.00 ms.
Unloading 1533 Unused Serialized files (Serialized files now loaded: 0)
System memory in use before: 72.6 MB.
System memory in use after: 72.7 MB.

Unloading 14 unused Assets to reduce memory usage. Loaded Objects now: 1999.
Total: 3.075100 ms (FindLiveObjects: 0.216400 ms CreateObjectMapping: 0.066400 ms MarkObjects: 2.763500 ms  DeleteObjects: 0.026300 ms)

AssetImportParameters requested are different than current active one (requested -> active):
  custom:framework-win-MediaFoundation: 216162199b28c13a410421893ffa2e32 -> 
  custom:video-decoder-ogg-theora: a1e56fd34408186e4bbccfd4996cb3dc -> 
  custom:container-muxer-webm: aa71ff27fc2769a1b78a27578f13a17b -> 
  custom:container-demuxer-webm: 4f35f7cbe854078d1ac9338744f61a02 -> 
  custom:container-demuxer-ogg: 62fdf1f143b41e24485cea50d1cbac27 -> 
  custom:video-encoder-webm-vp8: eb34c28f22e8b96e1ab97ce403110664 -> 
  custom:video-decoder-webm-vp8: 9c59270c3fd7afecdb556c50c9e8de78 -> 
  custom:audio-decoder-ogg-vorbis: bf7c407c2cedff20999df2af8eb42d56 -> 
  custom:audio-encoder-webm-vorbis: bf7c407c2cedff20999df2af8eb42d56 -> 
========================================================================
Received Prepare
Registering precompiled user dll's ...
Registered in 0.007493 seconds.
Begin MonoManager ReloadAssembly
Native extension for WindowsStandalone target not found
Refreshing native plugins compatible for Editor in 0.44 ms, found 2 plugins.
Preloading 0 native plugins for Editor in 0.00 ms.
Mono: successfully reloaded assembly
- Completed reload, in  0.859 seconds
Domain Reload Profiling:
	ReloadAssembly (859ms)
		BeginReloadAssembly (114ms)
			ExecutionOrderSort (0ms)
			DisableScriptedObjects (3ms)
			BackupInstance (0ms)
			ReleaseScriptingObjects (0ms)
			CreateAndSetChildDomain (28ms)
		EndReloadAssembly (683ms)
			LoadAssemblies (92ms)
			RebuildTransferFunctionScriptingTraits (0ms)
			SetupTypeCache (227ms)
			ReleaseScriptCaches (1ms)
			RebuildScriptCaches (35ms)
			SetupLoadedEditorAssemblies (259ms)
				LogAssemblyErrors (0ms)
				InitializePlatformSupportModulesInManaged (5ms)
				SetLoadedEditorAssemblies (1ms)
				RefreshPlugins (1ms)
				BeforeProcessingInitializeOnLoad (88ms)
				ProcessInitializeOnLoadAttributes (147ms)
				ProcessInitializeOnLoadMethodAttributes (8ms)
				AfterProcessingInitializeOnLoad (10ms)
				EditorAssembliesLoaded (0ms)
			ExecutionOrderSort2 (0ms)
			AwakeInstancesAfterBackupRestoration (5ms)
Platform modules already initialized, skipping
Refreshing native plugins compatible for Editor in 0.35 ms, found 2 plugins.
Preloading 0 native plugins for Editor in 0.00 ms.
Unloading 1533 Unused Serialized files (Serialized files now loaded: 0)
System memory in use before: 72.6 MB.
System memory in use after: 72.7 MB.

Unloading 14 unused Assets to reduce memory usage. Loaded Objects now: 2001.
Total: 3.351100 ms (FindLiveObjects: 0.182600 ms CreateObjectMapping: 0.066800 ms MarkObjects: 3.081400 ms  DeleteObjects: 0.016200 ms)

AssetImportParameters requested are different than current active one (requested -> active):
  custom:framework-win-MediaFoundation: 216162199b28c13a410421893ffa2e32 -> 
  custom:video-decoder-ogg-theora: a1e56fd34408186e4bbccfd4996cb3dc -> 
  custom:container-muxer-webm: aa71ff27fc2769a1b78a27578f13a17b -> 
  custom:container-demuxer-webm: 4f35f7cbe854078d1ac9338744f61a02 -> 
  custom:container-demuxer-ogg: 62fdf1f143b41e24485cea50d1cbac27 -> 
  custom:video-encoder-webm-vp8: eb34c28f22e8b96e1ab97ce403110664 -> 
  custom:video-decoder-webm-vp8: 9c59270c3fd7afecdb556c50c9e8de78 -> 
  custom:audio-decoder-ogg-vorbis: bf7c407c2cedff20999df2af8eb42d56 -> 
  custom:audio-encoder-webm-vorbis: bf7c407c2cedff20999df2af8eb42d56 -> 
========================================================================
Received Import Request.
  Time since last request: 182.262185 seconds.
  path: Assets/Images/example 1.png
  artifactKey: Guid(7f84f32d33adf344693a74b32514e522) Importer(815301076,1909f56bfc062723c751e8b465ee728b)
Start importing Assets/Images/example 1.png using Guid(7f84f32d33adf344693a74b32514e522) Importer(815301076,1909f56bfc062723c751e8b465ee728b)  -> (artifact id: '7bb91923a7fb73587893b6133f7dd435') in 0.052051 seconds 
  Import took 0.054684 seconds .

========================================================================
Received Import Request.
  Time since last request: 2.082860 seconds.
  path: Assets/Images/example 1.png
  artifactKey: Guid(7f84f32d33adf344693a74b32514e522) Importer(815301076,1909f56bfc062723c751e8b465ee728b)
Start importing Assets/Images/example 1.png using Guid(7f84f32d33adf344693a74b32514e522) Importer(815301076,1909f56bfc062723c751e8b465ee728b)  -> (artifact id: 'd1e4f9c49a815d7c5e044fb89f2096a5') in 0.017218 seconds 
  Import took 0.019997 seconds .

========================================================================
Received Import Request.
  Time since last request: 1.941164 seconds.
  path: Assets/Images/example 1.png
  artifactKey: Guid(7f84f32d33adf344693a74b32514e522) Importer(815301076,1909f56bfc062723c751e8b465ee728b)
Start importing Assets/Images/example 1.png using Guid(7f84f32d33adf344693a74b32514e522) Importer(815301076,1909f56bfc062723c751e8b465ee728b)  -> (artifact id: 'd280e4ad4f24bd0b476410e59ea71283') in 0.021725 seconds 
  Import took 0.024233 seconds .

========================================================================
Received Import Request.
  Time since last request: 2.240319 seconds.
  path: Assets/Images/example 1.png
  artifactKey: Guid(7f84f32d33adf344693a74b32514e522) Importer(815301076,1909f56bfc062723c751e8b465ee728b)
Start importing Assets/Images/example 1.png using Guid(7f84f32d33adf344693a74b32514e522) Importer(815301076,1909f56bfc062723c751e8b465ee728b)  -> (artifact id: 'df20c19c8f59810ccc4d461a9f6ec0d2') in 0.016808 seconds 
  Import took 0.019658 seconds .

========================================================================
Received Import Request.
  Time since last request: 2.674316 seconds.
  path: Assets/Images/example 1.png
  artifactKey: Guid(7f84f32d33adf344693a74b32514e522) Importer(815301076,1909f56bfc062723c751e8b465ee728b)
Start importing Assets/Images/example 1.png using Guid(7f84f32d33adf344693a74b32514e522) Importer(815301076,1909f56bfc062723c751e8b465ee728b)  -> (artifact id: '05b89a87ca680d8f364d23f752678d86') in 0.019099 seconds 
  Import took 0.022078 seconds .

========================================================================
Received Import Request.
  Time since last request: 5.043145 seconds.
  path: Assets/Images/example 1.png
  artifactKey: Guid(7f84f32d33adf344693a74b32514e522) Importer(815301076,1909f56bfc062723c751e8b465ee728b)
Start importing Assets/Images/example 1.png using Guid(7f84f32d33adf344693a74b32514e522) Importer(815301076,1909f56bfc062723c751e8b465ee728b)  -> (artifact id: '10e4651c204bc969d4363569bbfd0234') in 0.016413 seconds 
  Import took 0.018922 seconds .

========================================================================
Received Import Request.
  Time since last request: 2.220936 seconds.
  path: Assets/Images/example 1.png
  artifactKey: Guid(7f84f32d33adf344693a74b32514e522) Importer(815301076,1909f56bfc062723c751e8b465ee728b)
Start importing Assets/Images/example 1.png using Guid(7f84f32d33adf344693a74b32514e522) Importer(815301076,1909f56bfc062723c751e8b465ee728b)  -> (artifact id: 'c36897bbf66f58585232b1256b063890') in 0.019286 seconds 
  Import took 0.021953 seconds .

========================================================================
Received Import Request.
  Time since last request: 3.243951 seconds.
  path: Assets/Images/example 1.png
  artifactKey: Guid(7f84f32d33adf344693a74b32514e522) Importer(815301076,1909f56bfc062723c751e8b465ee728b)
Start importing Assets/Images/example 1.png using Guid(7f84f32d33adf344693a74b32514e522) Importer(815301076,1909f56bfc062723c751e8b465ee728b)  -> (artifact id: '13d2403506987805e5e12ac8beaf864d') in 0.019318 seconds 
  Import took 0.022414 seconds .

========================================================================
Received Prepare
Registering precompiled user dll's ...
Registered in 0.006308 seconds.
Begin MonoManager ReloadAssembly
Native extension for WindowsStandalone target not found
Refreshing native plugins compatible for Editor in 0.35 ms, found 2 plugins.
Preloading 0 native plugins for Editor in 0.00 ms.
Mono: successfully reloaded assembly
- Completed reload, in  0.895 seconds
Domain Reload Profiling:
	ReloadAssembly (895ms)
		BeginReloadAssembly (125ms)
			ExecutionOrderSort (0ms)
			DisableScriptedObjects (5ms)
			BackupInstance (0ms)
			ReleaseScriptingObjects (0ms)
			CreateAndSetChildDomain (29ms)
		EndReloadAssembly (703ms)
			LoadAssemblies (111ms)
			RebuildTransferFunctionScriptingTraits (0ms)
			SetupTypeCache (248ms)
			ReleaseScriptCaches (1ms)
			RebuildScriptCaches (32ms)
			SetupLoadedEditorAssemblies (258ms)
				LogAssemblyErrors (0ms)
				InitializePlatformSupportModulesInManaged (4ms)
				SetLoadedEditorAssemblies (0ms)
				RefreshPlugins (0ms)
				BeforeProcessingInitializeOnLoad (84ms)
				ProcessInitializeOnLoadAttributes (150ms)
				ProcessInitializeOnLoadMethodAttributes (8ms)
				AfterProcessingInitializeOnLoad (10ms)
				EditorAssembliesLoaded (0ms)
			ExecutionOrderSort2 (0ms)
			AwakeInstancesAfterBackupRestoration (5ms)
Platform modules already initialized, skipping
Refreshing native plugins compatible for Editor in 0.35 ms, found 2 plugins.
Preloading 0 native plugins for Editor in 0.00 ms.
Unloading 1532 Unused Serialized files (Serialized files now loaded: 0)
System memory in use before: 72.6 MB.
System memory in use after: 72.7 MB.

Unloading 15 unused Assets to reduce memory usage. Loaded Objects now: 2007.
Total: 2.717100 ms (FindLiveObjects: 0.190800 ms CreateObjectMapping: 0.062300 ms MarkObjects: 2.444500 ms  DeleteObjects: 0.018200 ms)

AssetImportParameters requested are different than current active one (requested -> active):
  custom:framework-win-MediaFoundation: 216162199b28c13a410421893ffa2e32 -> 
  custom:video-decoder-ogg-theora: a1e56fd34408186e4bbccfd4996cb3dc -> 
  custom:container-muxer-webm: aa71ff27fc2769a1b78a27578f13a17b -> 
  custom:container-demuxer-webm: 4f35f7cbe854078d1ac9338744f61a02 -> 
  custom:container-demuxer-ogg: 62fdf1f143b41e24485cea50d1cbac27 -> 
  custom:video-encoder-webm-vp8: eb34c28f22e8b96e1ab97ce403110664 -> 
  custom:video-decoder-webm-vp8: 9c59270c3fd7afecdb556c50c9e8de78 -> 
  custom:audio-decoder-ogg-vorbis: bf7c407c2cedff20999df2af8eb42d56 -> 
  custom:audio-encoder-webm-vorbis: bf7c407c2cedff20999df2af8eb42d56 -> 
AssetImportWorkerClient::OnTransportError - code=2 error=End of file
