Using pre-set license
Built from '2020.3/staging' branch; Version is '2020.3.26f1 (7298b473bc1a) revision 7510196'; Using compiler version '192528614'; Build Type 'Release'
OS: 'Windows 10  (10.0.19041) 64bit Professional' Language: 'ko' Physical Memory: 32173 MB
BatchMode: 1, IsHumanControllingUs: 0, StartBugReporterOnCrash: 0, Is64bit: 1, IsPro: 0

COMMAND LINE ARGUMENTS:
C:\Program Files\Unity\Hub\Editor\2020.3.26f1\Editor\Unity.exe
-adb2
-batchMode
-noUpm
-name
AssetImportWorker0
-projectPath
C:/Users/Administrator/Desktop/Git/Unity_First/Part 24 - 2DTileMap
-logFile
Logs/AssetImportWorker0.log
-srvPort
11950
Successfully changed project path to: C:/Users/Administrator/Desktop/Git/Unity_First/Part 24 - 2DTileMap
C:/Users/Administrator/Desktop/Git/Unity_First/Part 24 - 2DTileMap
Using Asset Import Pipeline V2.
Refreshing native plugins compatible for Editor in 33.54 ms, found 2 plugins.
Preloading 0 native plugins for Editor in 0.00 ms.
Initialize engine version: 2020.3.26f1 (7298b473bc1a)
[Subsystems] Discovering subsystems at path C:/Program Files/Unity/Hub/Editor/2020.3.26f1/Editor/Data/Resources/UnitySubsystems
[Subsystems] Discovering subsystems at path C:/Users/Administrator/Desktop/Git/Unity_First/Part 24 - 2DTileMap/Assets
GfxDevice: creating device client; threaded=0
Direct3D:
    Version:  Direct3D 11.0 [level 11.1]
    Renderer: NVIDIA GeForce RTX 2060 with Max-Q Design (ID=0x1f12)
    Vendor:   
    VRAM:     5980 MB
    Driver:   30.0.14.9649
Initialize mono
Mono path[0] = 'C:/Program Files/Unity/Hub/Editor/2020.3.26f1/Editor/Data/Managed'
Mono path[1] = 'C:/Program Files/Unity/Hub/Editor/2020.3.26f1/Editor/Data/MonoBleedingEdge/lib/mono/unityjit'
Mono config path = 'C:/Program Files/Unity/Hub/Editor/2020.3.26f1/Editor/Data/MonoBleedingEdge/etc'
Using monoOptions --debugger-agent=transport=dt_socket,embedding=1,server=y,suspend=n,address=127.0.0.1:56140
Begin MonoManager ReloadAssembly
Registering precompiled unity dll's ...
Register platform support module: C:/Program Files/Unity/Hub/Editor/2020.3.26f1/Editor/Data/PlaybackEngines/WindowsStandaloneSupport/UnityEditor.WindowsStandalone.Extensions.dll
Registered in 0.002995 seconds.
Native extension for WindowsStandalone target not found
Refreshing native plugins compatible for Editor in 31.72 ms, found 2 plugins.
Preloading 0 native plugins for Editor in 0.00 ms.
Mono: successfully reloaded assembly
- Completed reload, in  0.582 seconds
Domain Reload Profiling:
	ReloadAssembly (582ms)
		BeginReloadAssembly (72ms)
			ExecutionOrderSort (0ms)
			DisableScriptedObjects (0ms)
			BackupInstance (0ms)
			ReleaseScriptingObjects (0ms)
			CreateAndSetChildDomain (1ms)
		EndReloadAssembly (430ms)
			LoadAssemblies (68ms)
			RebuildTransferFunctionScriptingTraits (0ms)
			SetupTypeCache (140ms)
			ReleaseScriptCaches (0ms)
			RebuildScriptCaches (32ms)
			SetupLoadedEditorAssemblies (152ms)
				LogAssemblyErrors (0ms)
				InitializePlatformSupportModulesInManaged (5ms)
				SetLoadedEditorAssemblies (0ms)
				RefreshPlugins (32ms)
				BeforeProcessingInitializeOnLoad (13ms)
				ProcessInitializeOnLoadAttributes (76ms)
				ProcessInitializeOnLoadMethodAttributes (26ms)
				AfterProcessingInitializeOnLoad (0ms)
				EditorAssembliesLoaded (0ms)
			ExecutionOrderSort2 (0ms)
			AwakeInstancesAfterBackupRestoration (0ms)
Platform modules already initialized, skipping
Registering precompiled user dll's ...
Registered in 0.007128 seconds.
Begin MonoManager ReloadAssembly
Native extension for WindowsStandalone target not found
Refreshing native plugins compatible for Editor in 0.33 ms, found 2 plugins.
Preloading 0 native plugins for Editor in 0.00 ms.
Mono: successfully reloaded assembly
- Completed reload, in  0.979 seconds
Domain Reload Profiling:
	ReloadAssembly (980ms)
		BeginReloadAssembly (150ms)
			ExecutionOrderSort (0ms)
			DisableScriptedObjects (4ms)
			BackupInstance (0ms)
			ReleaseScriptingObjects (0ms)
			CreateAndSetChildDomain (19ms)
		EndReloadAssembly (763ms)
			LoadAssemblies (100ms)
			RebuildTransferFunctionScriptingTraits (0ms)
			SetupTypeCache (262ms)
			ReleaseScriptCaches (0ms)
			RebuildScriptCaches (40ms)
			SetupLoadedEditorAssemblies (289ms)
				LogAssemblyErrors (0ms)
				InitializePlatformSupportModulesInManaged (5ms)
				SetLoadedEditorAssemblies (0ms)
				RefreshPlugins (0ms)
				BeforeProcessingInitializeOnLoad (92ms)
				ProcessInitializeOnLoadAttributes (171ms)
				ProcessInitializeOnLoadMethodAttributes (10ms)
				AfterProcessingInitializeOnLoad (10ms)
				EditorAssembliesLoaded (0ms)
			ExecutionOrderSort2 (0ms)
			AwakeInstancesAfterBackupRestoration (6ms)
Platform modules already initialized, skipping
========================================================================
Worker process is ready to serve import requests
Launched and connected shader compiler UnityShaderCompiler.exe after 0.07 seconds
Refreshing native plugins compatible for Editor in 0.32 ms, found 2 plugins.
Preloading 0 native plugins for Editor in 0.00 ms.
Unloading 1503 Unused Serialized files (Serialized files now loaded: 0)
System memory in use before: 67.5 MB.
System memory in use after: 67.6 MB.

Unloading 19 unused Assets to reduce memory usage. Loaded Objects now: 1935.
Total: 3.130500 ms (FindLiveObjects: 0.166400 ms CreateObjectMapping: 0.033800 ms MarkObjects: 2.861000 ms  DeleteObjects: 0.068100 ms)

AssetImportParameters requested are different than current active one (requested -> active):
  custom:framework-win-MediaFoundation: 216162199b28c13a410421893ffa2e32 -> 
  custom:video-decoder-ogg-theora: a1e56fd34408186e4bbccfd4996cb3dc -> 
  custom:container-muxer-webm: aa71ff27fc2769a1b78a27578f13a17b -> 
  custom:container-demuxer-webm: 4f35f7cbe854078d1ac9338744f61a02 -> 
  custom:container-demuxer-ogg: 62fdf1f143b41e24485cea50d1cbac27 -> 
  custom:video-encoder-webm-vp8: eb34c28f22e8b96e1ab97ce403110664 -> 
  custom:video-decoder-webm-vp8: 9c59270c3fd7afecdb556c50c9e8de78 -> 
  custom:audio-decoder-ogg-vorbis: bf7c407c2cedff20999df2af8eb42d56 -> 
  custom:audio-encoder-webm-vorbis: bf7c407c2cedff20999df2af8eb42d56 -> 
========================================================================
Received Import Request.
  path: Assets
  artifactKey: Guid(00000000000000001000000000000000) Importer(815301076,1909f56bfc062723c751e8b465ee728b)
Start importing Assets using Guid(00000000000000001000000000000000) Importer(815301076,1909f56bfc062723c751e8b465ee728b)  -> (artifact id: '42d402b061de3733987d63b9cc3b64de') in 0.009867 seconds 
  Import took 0.012279 seconds .

========================================================================
Received Import Request.
  Time since last request: 2.637799 seconds.
  path: Assets/TileMap
  artifactKey: Guid(ebe8d6a02f7408c49be1f659a17cbb37) Importer(815301076,1909f56bfc062723c751e8b465ee728b)
Start importing Assets/TileMap using Guid(ebe8d6a02f7408c49be1f659a17cbb37) Importer(815301076,1909f56bfc062723c751e8b465ee728b)  -> (artifact id: '41247b906466ad68372585fbff00d76e') in 0.008307 seconds 
  Import took 0.010742 seconds .

========================================================================
Received Import Request.
  Time since last request: 11.061071 seconds.
  path: Assets/TileMap/Forest_A5.png
  artifactKey: Guid(4fb0fad5e5f9011438d23861571724e6) Importer(815301076,1909f56bfc062723c751e8b465ee728b)
Start importing Assets/TileMap/Forest_A5.png using Guid(4fb0fad5e5f9011438d23861571724e6) Importer(815301076,1909f56bfc062723c751e8b465ee728b)  -> (artifact id: '3a0a12cbe0bd43dde01e58932fb74f4b') in 0.068981 seconds 
  Import took 0.071433 seconds .

========================================================================
Received Import Request.
  Time since last request: 0.000323 seconds.
  path: Assets/TileMap/Forest_B.png
  artifactKey: Guid(0dd748aca9f77174499ba6f22b99f8bf) Importer(815301076,1909f56bfc062723c751e8b465ee728b)
Start importing Assets/TileMap/Forest_B.png using Guid(0dd748aca9f77174499ba6f22b99f8bf) Importer(815301076,1909f56bfc062723c751e8b465ee728b)  -> (artifact id: 'e0769f7e8a0b944562eb8858092d7a96') in 0.016560 seconds 
  Import took 0.018758 seconds .

========================================================================
Received Import Request.
  Time since last request: 44.869963 seconds.
  path: Assets/TileMap/Forest_A5.png
  artifactKey: Guid(4fb0fad5e5f9011438d23861571724e6) Importer(815301076,1909f56bfc062723c751e8b465ee728b)
Start importing Assets/TileMap/Forest_A5.png using Guid(4fb0fad5e5f9011438d23861571724e6) Importer(815301076,1909f56bfc062723c751e8b465ee728b)  -> (artifact id: 'f273a177b86d89de50cd2afc16aac684') in 0.014023 seconds 
  Import took 0.016776 seconds .

========================================================================
Received Import Request.
  Time since last request: 0.009483 seconds.
  path: Assets/TileMap/Forest_B.png
  artifactKey: Guid(0dd748aca9f77174499ba6f22b99f8bf) Importer(815301076,1909f56bfc062723c751e8b465ee728b)
Start importing Assets/TileMap/Forest_B.png using Guid(0dd748aca9f77174499ba6f22b99f8bf) Importer(815301076,1909f56bfc062723c751e8b465ee728b)  -> (artifact id: 'ee1ab5b1e0f7b1deee3e7bb460270111') in 0.018922 seconds 
  Import took 0.021616 seconds .

========================================================================
Received Prepare
Registering precompiled user dll's ...
Registered in 0.006352 seconds.
Begin MonoManager ReloadAssembly
Native extension for WindowsStandalone target not found
Refreshing native plugins compatible for Editor in 0.39 ms, found 2 plugins.
Preloading 0 native plugins for Editor in 0.00 ms.
Mono: successfully reloaded assembly
- Completed reload, in  0.909 seconds
Domain Reload Profiling:
	ReloadAssembly (910ms)
		BeginReloadAssembly (114ms)
			ExecutionOrderSort (0ms)
			DisableScriptedObjects (4ms)
			BackupInstance (0ms)
			ReleaseScriptingObjects (0ms)
			CreateAndSetChildDomain (29ms)
		EndReloadAssembly (726ms)
			LoadAssemblies (98ms)
			RebuildTransferFunctionScriptingTraits (0ms)
			SetupTypeCache (247ms)
			ReleaseScriptCaches (1ms)
			RebuildScriptCaches (34ms)
			SetupLoadedEditorAssemblies (276ms)
				LogAssemblyErrors (0ms)
				InitializePlatformSupportModulesInManaged (5ms)
				SetLoadedEditorAssemblies (0ms)
				RefreshPlugins (0ms)
				BeforeProcessingInitializeOnLoad (90ms)
				ProcessInitializeOnLoadAttributes (160ms)
				ProcessInitializeOnLoadMethodAttributes (9ms)
				AfterProcessingInitializeOnLoad (11ms)
				EditorAssembliesLoaded (0ms)
			ExecutionOrderSort2 (0ms)
			AwakeInstancesAfterBackupRestoration (6ms)
Platform modules already initialized, skipping
Refreshing native plugins compatible for Editor in 0.35 ms, found 2 plugins.
Preloading 0 native plugins for Editor in 0.00 ms.
Unloading 1531 Unused Serialized files (Serialized files now loaded: 0)
System memory in use before: 69.4 MB.
System memory in use after: 69.5 MB.

Unloading 14 unused Assets to reduce memory usage. Loaded Objects now: 1974.
Total: 3.082200 ms (FindLiveObjects: 0.170100 ms CreateObjectMapping: 0.037300 ms MarkObjects: 2.856200 ms  DeleteObjects: 0.017400 ms)

AssetImportParameters requested are different than current active one (requested -> active):
  custom:framework-win-MediaFoundation: 216162199b28c13a410421893ffa2e32 -> 
  custom:video-decoder-ogg-theora: a1e56fd34408186e4bbccfd4996cb3dc -> 
  custom:container-muxer-webm: aa71ff27fc2769a1b78a27578f13a17b -> 
  custom:container-demuxer-webm: 4f35f7cbe854078d1ac9338744f61a02 -> 
  custom:container-demuxer-ogg: 62fdf1f143b41e24485cea50d1cbac27 -> 
  custom:video-encoder-webm-vp8: eb34c28f22e8b96e1ab97ce403110664 -> 
  custom:video-decoder-webm-vp8: 9c59270c3fd7afecdb556c50c9e8de78 -> 
  custom:audio-decoder-ogg-vorbis: bf7c407c2cedff20999df2af8eb42d56 -> 
  custom:audio-encoder-webm-vorbis: bf7c407c2cedff20999df2af8eb42d56 -> 
========================================================================
Received Import Request.
  Time since last request: 53.493864 seconds.
  path: Assets/TileMap/Forest_A5.png
  artifactKey: Guid(4fb0fad5e5f9011438d23861571724e6) Importer(815301076,1909f56bfc062723c751e8b465ee728b)
Start importing Assets/TileMap/Forest_A5.png using Guid(4fb0fad5e5f9011438d23861571724e6) Importer(815301076,1909f56bfc062723c751e8b465ee728b)  -> (artifact id: '33c9a84849ff4415655e1c8f91db66c1') in 0.370400 seconds 
  Import took 0.373438 seconds .

========================================================================
Received Import Request.
  Time since last request: 39.228302 seconds.
  path: Assets/TileMap/Forest_B.png
  artifactKey: Guid(0dd748aca9f77174499ba6f22b99f8bf) Importer(815301076,1909f56bfc062723c751e8b465ee728b)
Start importing Assets/TileMap/Forest_B.png using Guid(0dd748aca9f77174499ba6f22b99f8bf) Importer(815301076,1909f56bfc062723c751e8b465ee728b)  -> (artifact id: '5ca4a310726b0bb01d512628ef66b087') in 0.308504 seconds 
  Import took 0.312672 seconds .

========================================================================
Received Prepare
Registering precompiled user dll's ...
Registered in 0.006167 seconds.
Begin MonoManager ReloadAssembly
Native extension for WindowsStandalone target not found
Refreshing native plugins compatible for Editor in 0.39 ms, found 2 plugins.
Preloading 0 native plugins for Editor in 0.00 ms.
Mono: successfully reloaded assembly
- Completed reload, in  0.938 seconds
Domain Reload Profiling:
	ReloadAssembly (939ms)
		BeginReloadAssembly (123ms)
			ExecutionOrderSort (0ms)
			DisableScriptedObjects (4ms)
			BackupInstance (0ms)
			ReleaseScriptingObjects (0ms)
			CreateAndSetChildDomain (31ms)
		EndReloadAssembly (744ms)
			LoadAssemblies (109ms)
			RebuildTransferFunctionScriptingTraits (0ms)
			SetupTypeCache (262ms)
			ReleaseScriptCaches (1ms)
			RebuildScriptCaches (35ms)
			SetupLoadedEditorAssemblies (277ms)
				LogAssemblyErrors (0ms)
				InitializePlatformSupportModulesInManaged (4ms)
				SetLoadedEditorAssemblies (0ms)
				RefreshPlugins (0ms)
				BeforeProcessingInitializeOnLoad (88ms)
				ProcessInitializeOnLoadAttributes (159ms)
				ProcessInitializeOnLoadMethodAttributes (14ms)
				AfterProcessingInitializeOnLoad (10ms)
				EditorAssembliesLoaded (0ms)
			ExecutionOrderSort2 (0ms)
			AwakeInstancesAfterBackupRestoration (5ms)
Platform modules already initialized, skipping
Refreshing native plugins compatible for Editor in 0.35 ms, found 2 plugins.
Preloading 0 native plugins for Editor in 0.00 ms.
Unloading 1571 Unused Serialized files (Serialized files now loaded: 0)
System memory in use before: 73.8 MB.
System memory in use after: 73.9 MB.

Unloading 14 unused Assets to reduce memory usage. Loaded Objects now: 2025.
Total: 3.146700 ms (FindLiveObjects: 0.187000 ms CreateObjectMapping: 0.068500 ms MarkObjects: 2.874000 ms  DeleteObjects: 0.015500 ms)

AssetImportParameters requested are different than current active one (requested -> active):
  custom:framework-win-MediaFoundation: 216162199b28c13a410421893ffa2e32 -> 
  custom:video-decoder-ogg-theora: a1e56fd34408186e4bbccfd4996cb3dc -> 
  custom:container-muxer-webm: aa71ff27fc2769a1b78a27578f13a17b -> 
  custom:container-demuxer-webm: 4f35f7cbe854078d1ac9338744f61a02 -> 
  custom:container-demuxer-ogg: 62fdf1f143b41e24485cea50d1cbac27 -> 
  custom:video-encoder-webm-vp8: eb34c28f22e8b96e1ab97ce403110664 -> 
  custom:video-decoder-webm-vp8: 9c59270c3fd7afecdb556c50c9e8de78 -> 
  custom:audio-decoder-ogg-vorbis: bf7c407c2cedff20999df2af8eb42d56 -> 
  custom:audio-encoder-webm-vorbis: bf7c407c2cedff20999df2af8eb42d56 -> 
========================================================================
Received Import Request.
  Time since last request: 319.591887 seconds.
  path: Assets/TileMap/Base
  artifactKey: Guid(5b8fda4e5faf4e04c97958a6e7d73dcc) Importer(815301076,1909f56bfc062723c751e8b465ee728b)
Start importing Assets/TileMap/Base using Guid(5b8fda4e5faf4e04c97958a6e7d73dcc) Importer(815301076,1909f56bfc062723c751e8b465ee728b)  -> (artifact id: 'fcd2313d8b98cd48fdb567242cc71860') in 0.010627 seconds 
  Import took 0.013555 seconds .

========================================================================
Received Import Request.
  Time since last request: 0.092077 seconds.
  path: Assets/TileMap/Base/Base.prefab
  artifactKey: Guid(1cafe2aaee22e324d99af73e903c36eb) Importer(815301076,1909f56bfc062723c751e8b465ee728b)
Start importing Assets/TileMap/Base/Base.prefab using Guid(1cafe2aaee22e324d99af73e903c36eb) Importer(815301076,1909f56bfc062723c751e8b465ee728b)  -> (artifact id: 'a9dd831706c8dfd22eaefca415fd9853') in 0.061229 seconds 
  Import took 0.064205 seconds .

AssetImportWorkerClient::OnTransportError - code=2 error=End of file
